<?xml version="1.0" encoding="UTF-8"?>
<!-- Generated by org.testng.reporters.JUnitXMLReporter -->
<testsuite hostname="Diya" ignored="1" name="Smoke Test" tests="1" failures="0" timestamp="2022-12-12T17:34:00 GMT" time="7.425" errors="0">
  <testcase name="verifyErrorMessageWithInvalidCredentials" time="1.954" classname="com.ultimateqa.courses.testsuite.LoginPageTest"/>
  <testcase name="userShouldNavigateToLoginPageSuccessfully" time="0.0" classname="com.ultimateqa.courses.testsuite.LoginPageTest">
    <ignored/>
  </testcase> <!-- userShouldNavigateToLoginPageSuccessfully -->
</testsuite> <!-- Smoke Test -->
