<?xml version="1.0" encoding="UTF-8"?>
<!-- Generated by org.testng.reporters.JUnitXMLReporter -->
<testsuite hostname="Diya" ignored="1" name="Sanity Test" tests="1" failures="0" timestamp="2022-12-12T01:49:44 GMT" time="8.711" errors="0">
  <testcase name="userShouldNavigateToLoginPageSuccessfully" time="1.075" classname="com.ultimateqa.courses.testsuite.LoginPageTest"/>
  <testcase name="verifyErrorMessageWithInvalidCredentials" time="0.0" classname="com.ultimateqa.courses.testsuite.LoginPageTest">
    <ignored/>
  </testcase> <!-- verifyErrorMessageWithInvalidCredentials -->
</testsuite> <!-- Sanity Test -->
