<?xml version="1.0" encoding="UTF-8"?>
<!-- Generated by org.testng.reporters.JUnitXMLReporter -->
<testsuite hostname="Diya" ignored="0" name="Login Test" tests="2" failures="0" timestamp="2022-12-12T17:35:26 GMT" time="12.284" errors="0">
  <testcase name="userShouldNavigateToLoginPageSuccessfully" time="0.95" classname="com.ultimateqa.courses.testsuite.LoginPageTest"/>
  <testcase name="verifyErrorMessageWithInvalidCredentials" time="2.1" classname="com.ultimateqa.courses.testsuite.LoginPageTest"/>
</testsuite> <!-- Login Test -->
