<?xml version="1.0" encoding="UTF-8"?>
<!-- Generated by org.testng.reporters.JUnitXMLReporter -->
<testsuite hostname="Diya" ignored="0" name="Regression Test" tests="2" failures="0" timestamp="2022-12-12T17:32:19 GMT" time="19.301" errors="0">
  <testcase name="userShouldNavigateToLoginPageSuccessfully" time="0.967" classname="com.ultimateqa.courses.testsuite.LoginPageTest"/>
  <testcase name="verifyErrorMessageWithInvalidCredentials" time="9.43" classname="com.ultimateqa.courses.testsuite.LoginPageTest"/>
</testsuite> <!-- Regression Test -->
