<?xml version="1.0" encoding="UTF-8"?>
<testsuite name="Login Test"
           tests="2"
           failures="0"
           errors="0"
           skipped="0"
           time="3.050">
  <properties />
  
  
            <testcase name="verifyErrorMessageWithInvalidCredentials" time="2.100" classname="com.ultimateqa.courses.testsuite.LoginPageTest" />
                <testcase name="userShouldNavigateToLoginPageSuccessfully" time="0.950" classname="com.ultimateqa.courses.testsuite.LoginPageTest" />
      
</testsuite>
