<?xml version="1.0" encoding="UTF-8"?>
<testng-results skipped="0" failed="0" ignored="0" total="2" passed="2">
  <reporter-output>
    <line>
      <![CDATA[clickOnSignInLink[[ChromeDriver: chrome on WINDOWS (9242e9c13640740a063369ba8b0dc586)] -> xpath: //a[contains(text(),'Sign In')]]]]>
    </line>
    <line>
      <![CDATA[getTextWelcomeBack[[ChromeDriver: chrome on WINDOWS (9242e9c13640740a063369ba8b0dc586)] -> xpath: //h2[contains(text(),'Welcome Back!')]]]]>
    </line>
    <line>
      <![CDATA[Click to see screenshot]]>
    </line>
    <line>
      <![CDATA[<a target = "_blank" href=C:\Users\viren\IdeaProjects\courses.ultimateqa.com-wk-15-virenpatel/test-output/html/userShouldNavigateToLoginPageSuccessfullyMon_Dec_12_17_35_19_GMT_2022.jpg>Screenshot</a>]]>
    </line>
    <line>
      <![CDATA[<br>]]>
    </line>
    <line>
      <![CDATA[Click to see screenshot]]>
    </line>
    <line>
      <![CDATA[<a target = "_blank" href=C:\Users\viren\IdeaProjects\courses.ultimateqa.com-wk-15-virenpatel/test-output/html/userShouldNavigateToLoginPageSuccessfullyMon_Dec_12_17_35_19_GMT_2022.jpg>Screenshot</a>]]>
    </line>
    <line>
      <![CDATA[<br>]]>
    </line>
    <line>
      <![CDATA[clickOnSignInLink[[ChromeDriver: chrome on WINDOWS (401301ef34d40d282d60fa72e0e4a5c5)] -> xpath: //a[contains(text(),'Sign In')]]]]>
    </line>
    <line>
      <![CDATA[enterUsername[[ChromeDriver: chrome on WINDOWS (401301ef34d40d282d60fa72e0e4a5c5)] -> id: user[email]]]]>
    </line>
    <line>
      <![CDATA[enterPassword[[ChromeDriver: chrome on WINDOWS (401301ef34d40d282d60fa72e0e4a5c5)] -> id: user[password]]]]>
    </line>
    <line>
      <![CDATA[clickOnLoginButton[[ChromeDriver: chrome on WINDOWS (401301ef34d40d282d60fa72e0e4a5c5)] -> xpath: //button[contains(text(),'Sign in')]]]]>
    </line>
    <line>
      <![CDATA[getErrorMessage[[ChromeDriver: chrome on WINDOWS (401301ef34d40d282d60fa72e0e4a5c5)] -> xpath: //li[contains(text(),'Invalid email or password.')]]]]>
    </line>
    <line>
      <![CDATA[Click to see screenshot]]>
    </line>
    <line>
      <![CDATA[<a target = "_blank" href=C:\Users\viren\IdeaProjects\courses.ultimateqa.com-wk-15-virenpatel/test-output/html/verifyErrorMessageWithInvalidCredentialsMon_Dec_12_17_35_25_GMT_2022.jpg>Screenshot</a>]]>
    </line>
    <line>
      <![CDATA[<br>]]>
    </line>
    <line>
      <![CDATA[Click to see screenshot]]>
    </line>
    <line>
      <![CDATA[<a target = "_blank" href=C:\Users\viren\IdeaProjects\courses.ultimateqa.com-wk-15-virenpatel/test-output/html/verifyErrorMessageWithInvalidCredentialsMon_Dec_12_17_35_25_GMT_2022.jpg>Screenshot</a>]]>
    </line>
    <line>
      <![CDATA[<br>]]>
    </line>
  </reporter-output>
  <suite name="Test Suite" duration-ms="12284" started-at="2022-12-12T17:35:14 GMT" finished-at="2022-12-12T17:35:26 GMT">
    <groups>
      <group name="regression">
        <method signature="LoginPageTest.userShouldNavigateToLoginPageSuccessfully()[pri:0, instance:com.ultimateqa.courses.testsuite.LoginPageTest@10a035a0]" name="userShouldNavigateToLoginPageSuccessfully" class="com.ultimateqa.courses.testsuite.LoginPageTest"/>
        <method signature="LoginPageTest.verifyErrorMessageWithInvalidCredentials()[pri:0, instance:com.ultimateqa.courses.testsuite.LoginPageTest@10a035a0]" name="verifyErrorMessageWithInvalidCredentials" class="com.ultimateqa.courses.testsuite.LoginPageTest"/>
      </group> <!-- regression -->
      <group name="smoke">
        <method signature="LoginPageTest.verifyErrorMessageWithInvalidCredentials()[pri:0, instance:com.ultimateqa.courses.testsuite.LoginPageTest@10a035a0]" name="verifyErrorMessageWithInvalidCredentials" class="com.ultimateqa.courses.testsuite.LoginPageTest"/>
      </group> <!-- smoke -->
      <group name="sanity">
        <method signature="LoginPageTest.userShouldNavigateToLoginPageSuccessfully()[pri:0, instance:com.ultimateqa.courses.testsuite.LoginPageTest@10a035a0]" name="userShouldNavigateToLoginPageSuccessfully" class="com.ultimateqa.courses.testsuite.LoginPageTest"/>
      </group> <!-- sanity -->
    </groups>
    <test name="Login Test" duration-ms="12284" started-at="2022-12-12T17:35:14 GMT" finished-at="2022-12-12T17:35:26 GMT">
      <class name="com.ultimateqa.courses.testsuite.LoginPageTest">
        <test-method status="PASS" signature="setUp()[pri:0, instance:com.ultimateqa.courses.testsuite.LoginPageTest@10a035a0]" name="setUp" is-config="true" duration-ms="4248" started-at="2022-12-12T17:35:14 GMT" finished-at="2022-12-12T17:35:18 GMT">
          <reporter-output>
          </reporter-output>
        </test-method> <!-- setUp -->
        <test-method status="PASS" signature="inIt()[pri:0, instance:com.ultimateqa.courses.testsuite.LoginPageTest@10a035a0]" name="inIt" is-config="true" duration-ms="13" started-at="2022-12-12T17:35:18 GMT" finished-at="2022-12-12T17:35:18 GMT">
          <reporter-output>
          </reporter-output>
        </test-method> <!-- inIt -->
        <test-method status="PASS" signature="userShouldNavigateToLoginPageSuccessfully()[pri:0, instance:com.ultimateqa.courses.testsuite.LoginPageTest@10a035a0]" name="userShouldNavigateToLoginPageSuccessfully" duration-ms="950" started-at="2022-12-12T17:35:18 GMT" finished-at="2022-12-12T17:35:19 GMT">
          <reporter-output>
            <line>
              <![CDATA[clickOnSignInLink[[ChromeDriver: chrome on WINDOWS (9242e9c13640740a063369ba8b0dc586)] -> xpath: //a[contains(text(),'Sign In')]]]]>
            </line>
            <line>
              <![CDATA[getTextWelcomeBack[[ChromeDriver: chrome on WINDOWS (9242e9c13640740a063369ba8b0dc586)] -> xpath: //h2[contains(text(),'Welcome Back!')]]]]>
            </line>
            <line>
              <![CDATA[Click to see screenshot]]>
            </line>
            <line>
              <![CDATA[<a target = "_blank" href=C:\Users\viren\IdeaProjects\courses.ultimateqa.com-wk-15-virenpatel/test-output/html/userShouldNavigateToLoginPageSuccessfullyMon_Dec_12_17_35_19_GMT_2022.jpg>Screenshot</a>]]>
            </line>
            <line>
              <![CDATA[<br>]]>
            </line>
            <line>
              <![CDATA[Click to see screenshot]]>
            </line>
            <line>
              <![CDATA[<a target = "_blank" href=C:\Users\viren\IdeaProjects\courses.ultimateqa.com-wk-15-virenpatel/test-output/html/userShouldNavigateToLoginPageSuccessfullyMon_Dec_12_17_35_19_GMT_2022.jpg>Screenshot</a>]]>
            </line>
            <line>
              <![CDATA[<br>]]>
            </line>
          </reporter-output>
        </test-method> <!-- userShouldNavigateToLoginPageSuccessfully -->
        <test-method status="PASS" signature="tearDown()[pri:0, instance:com.ultimateqa.courses.testsuite.LoginPageTest@10a035a0]" name="tearDown" is-config="true" duration-ms="627" started-at="2022-12-12T17:35:19 GMT" finished-at="2022-12-12T17:35:20 GMT">
          <reporter-output>
          </reporter-output>
        </test-method> <!-- tearDown -->
        <test-method status="PASS" signature="setUp()[pri:0, instance:com.ultimateqa.courses.testsuite.LoginPageTest@10a035a0]" name="setUp" is-config="true" duration-ms="3009" started-at="2022-12-12T17:35:20 GMT" finished-at="2022-12-12T17:35:23 GMT">
          <reporter-output>
          </reporter-output>
        </test-method> <!-- setUp -->
        <test-method status="PASS" signature="inIt()[pri:0, instance:com.ultimateqa.courses.testsuite.LoginPageTest@10a035a0]" name="inIt" is-config="true" duration-ms="1" started-at="2022-12-12T17:35:23 GMT" finished-at="2022-12-12T17:35:23 GMT">
          <reporter-output>
          </reporter-output>
        </test-method> <!-- inIt -->
        <test-method status="PASS" signature="verifyErrorMessageWithInvalidCredentials()[pri:0, instance:com.ultimateqa.courses.testsuite.LoginPageTest@10a035a0]" name="verifyErrorMessageWithInvalidCredentials" duration-ms="2100" started-at="2022-12-12T17:35:23 GMT" finished-at="2022-12-12T17:35:25 GMT">
          <reporter-output>
            <line>
              <![CDATA[clickOnSignInLink[[ChromeDriver: chrome on WINDOWS (401301ef34d40d282d60fa72e0e4a5c5)] -> xpath: //a[contains(text(),'Sign In')]]]]>
            </line>
            <line>
              <![CDATA[enterUsername[[ChromeDriver: chrome on WINDOWS (401301ef34d40d282d60fa72e0e4a5c5)] -> id: user[email]]]]>
            </line>
            <line>
              <![CDATA[enterPassword[[ChromeDriver: chrome on WINDOWS (401301ef34d40d282d60fa72e0e4a5c5)] -> id: user[password]]]]>
            </line>
            <line>
              <![CDATA[clickOnLoginButton[[ChromeDriver: chrome on WINDOWS (401301ef34d40d282d60fa72e0e4a5c5)] -> xpath: //button[contains(text(),'Sign in')]]]]>
            </line>
            <line>
              <![CDATA[getErrorMessage[[ChromeDriver: chrome on WINDOWS (401301ef34d40d282d60fa72e0e4a5c5)] -> xpath: //li[contains(text(),'Invalid email or password.')]]]]>
            </line>
            <line>
              <![CDATA[Click to see screenshot]]>
            </line>
            <line>
              <![CDATA[<a target = "_blank" href=C:\Users\viren\IdeaProjects\courses.ultimateqa.com-wk-15-virenpatel/test-output/html/verifyErrorMessageWithInvalidCredentialsMon_Dec_12_17_35_25_GMT_2022.jpg>Screenshot</a>]]>
            </line>
            <line>
              <![CDATA[<br>]]>
            </line>
            <line>
              <![CDATA[Click to see screenshot]]>
            </line>
            <line>
              <![CDATA[<a target = "_blank" href=C:\Users\viren\IdeaProjects\courses.ultimateqa.com-wk-15-virenpatel/test-output/html/verifyErrorMessageWithInvalidCredentialsMon_Dec_12_17_35_25_GMT_2022.jpg>Screenshot</a>]]>
            </line>
            <line>
              <![CDATA[<br>]]>
            </line>
          </reporter-output>
        </test-method> <!-- verifyErrorMessageWithInvalidCredentials -->
        <test-method status="PASS" signature="tearDown()[pri:0, instance:com.ultimateqa.courses.testsuite.LoginPageTest@10a035a0]" name="tearDown" is-config="true" duration-ms="615" started-at="2022-12-12T17:35:25 GMT" finished-at="2022-12-12T17:35:26 GMT">
          <reporter-output>
          </reporter-output>
        </test-method> <!-- tearDown -->
      </class> <!-- com.ultimateqa.courses.testsuite.LoginPageTest -->
    </test> <!-- Login Test -->
  </suite> <!-- Test Suite -->
</testng-results>
